d:\test_code\2.c++_test(vs2015)\mysql接口封装\src\lxmysql\x64\debug\vc140.pdb
d:\test_code\2.c++_test(vs2015)\mysql接口封装\src\lxmysql\x64\debug\vc140.idb
d:\test_code\2.c++_test(vs2015)\mysql接口封装\src\lxmysql\x64\debug\lxdata.obj
d:\test_code\2.c++_test(vs2015)\mysql接口封装\src\lxmysql\x64\debug\lxmysql.obj
d:\test_code\2.c++_test(vs2015)\mysql接口封装\bin\lxmysql.ilk
d:\test_code\2.c++_test(vs2015)\mysql接口封装\bin\lxmysql.dll
d:\test_code\2.c++_test(vs2015)\mysql接口封装\bin\lxmysql.pdb
d:\test_code\2.c++_test(vs2015)\mysql接口封装\lib\lxmysql.lib
d:\test_code\2.c++_test(vs2015)\mysql接口封装\lib\lxmysql.exp
d:\test_code\2.c++_test(vs2015)\mysql\mysql接口封装\src\lxmysql\x64\debug\lxdata.obj
d:\test_code\2.c++_test(vs2015)\mysql\mysql接口封装\src\lxmysql\x64\debug\lxmysql.obj
d:\test_code\2.c++_test(vs2015)\mysql\mysql接口封装\src\lxmysql\x64\debug\vc140.idb
d:\test_code\2.c++_test(vs2015)\mysql\mysql接口封装\src\lxmysql\x64\debug\vc140.pdb
d:\test_code\2.c++_test(vs2015)\mysql\mysql接口封装\src\lxmysql\..\..\bin\lxmysql.dll
d:\test_code\2.c++_test(vs2015)\mysql\mysql接口封装\src\lxmysql\x64\debug\lxmysql.tlog\cl.command.1.tlog
d:\test_code\2.c++_test(vs2015)\mysql\mysql接口封装\src\lxmysql\x64\debug\lxmysql.tlog\cl.read.1.tlog
d:\test_code\2.c++_test(vs2015)\mysql\mysql接口封装\src\lxmysql\x64\debug\lxmysql.tlog\cl.write.1.tlog
d:\test_code\2.c++_test(vs2015)\mysql\mysql接口封装\src\lxmysql\x64\debug\lxmysql.tlog\link.command.1.tlog
d:\test_code\2.c++_test(vs2015)\mysql\mysql接口封装\src\lxmysql\x64\debug\lxmysql.tlog\link.read.1.tlog
d:\test_code\2.c++_test(vs2015)\mysql\mysql接口封装\src\lxmysql\x64\debug\lxmysql.tlog\link.write.1.tlog
d:\test_code\2.c++_test(vs2015)\mysql\mysql接口封装\src\lxmysql\x64\debug\lxmysql.tlog\lxmysql.write.1u.tlog
